<?xml version="1.0" encoding="UTF-8"?>
<!-- Generated by org.testng.reporters.JUnitReportReporter -->
<testsuite skipped="0" hostname="DESKTOP-A8VKPP7" name="Parallelexecution.NewTestP" tests="2" failures="0" timestamp="2020-10-05T01:19:08 CDT" time="0.026" errors="0">
  <testcase name="testing2" time="0.013" classname="Parallelexecution.NewTestP"/>
  <system-out/>
  <testcase name="testing1" time="0.013" classname="Parallelexecution.NewTestP"/>
  <system-out/>
</testsuite> <!-- Parallelexecution.NewTestP -->
