<?xml version="1.0" encoding="UTF-8"?>
<!-- Generated by org.testng.reporters.JUnitReportReporter -->
<testsuite skipped="0" hostname="Smitts" name="DataManagementUsingDataProvider" tests="1" failures="0" timestamp="2020-10-27T22:52:54 CDT" time="0.012" errors="0">
  <testcase name="demoTest" time="0.012" classname="DataManagementUsingDataProvider"/>
  <system-out/>
</testsuite> <!-- DataManagementUsingDataProvider -->
