<?xml version="1.0" encoding="UTF-8"?>
<!-- Generated by org.testng.reporters.JUnitReportReporter -->
<testsuite skipped="0" hostname="DESKTOP-A8VKPP7" name="SuiteA.TestA3" tests="1" failures="0" timestamp="2020-10-05T01:06:07 CDT" time="3.006" errors="0">
  <testcase name="f" time="3.006" classname="SuiteA.TestA3"/>
  <system-out/>
</testsuite> <!-- SuiteA.TestA3 -->
