<?xml version="1.0" encoding="UTF-8"?>
<!-- Generated by org.testng.reporters.JUnitReportReporter -->
<testsuite skipped="0" hostname="Smitts" name="DataManagementUtil" tests="1" failures="0" timestamp="2020-10-27T22:55:40 CDT" time="0.005" errors="0">
  <testcase name="testCase" time="0.005" classname="DataManagementUtil"/>
  <system-out/>
</testsuite> <!-- DataManagementUtil -->
