<?xml version="1.0" encoding="UTF-8"?>
<!-- Generated by org.testng.reporters.JUnitReportReporter -->
<testsuite skipped="1" hostname="Smitts" name="facebookWithDataProvider" tests="2" failures="0" timestamp="2020-10-27T23:03:01 CDT" time="15.918" errors="0">
  <testcase name="f" time="8.799" classname="facebookWithDataProvider"/>
  <system-out/>
  <testcase name="f" time="7.119" classname="facebookWithDataProvider">
    <skipped/>
  </testcase> <!-- f -->
  <system-out/>
</testsuite> <!-- facebookWithDataProvider -->
