<?xml version="1.0" encoding="UTF-8"?>
<!-- Generated by org.testng.reporters.JUnitReportReporter -->
<testsuite skipped="2" hostname="DESKTOP-A8VKPP7" name="Mavenp.Maven2.TestDependencies" tests="4" failures="0" timestamp="2020-10-05T00:17:09 CDT" time="0.013" errors="0">
  <testcase name="blue" time="0.008" classname="Mavenp.Maven2.TestDependencies"/>
  <system-out/>
  <testcase name="red" time="0.002" classname="Mavenp.Maven2.TestDependencies"/>
  <system-out/>
  <testcase name="white" time="0.003" classname="Mavenp.Maven2.TestDependencies">
    <skipped/>
  </testcase> <!-- white -->
  <system-out/>
  <testcase name="stars" time="0.000" classname="Mavenp.Maven2.TestDependencies">
    <skipped/>
  </testcase> <!-- stars -->
  <system-out/>
</testsuite> <!-- Mavenp.Maven2.TestDependencies -->
