<?xml version="1.0" encoding="UTF-8"?>
<!-- Generated by org.testng.reporters.JUnitReportReporter -->
<testsuite skipped="0" hostname="Smitts" name="Mavenp.Maven2.NewTest1" tests="1" failures="0" timestamp="2020-10-05T18:34:04 CDT" time="15.379" errors="0">
  <testcase name="f" time="15.379" classname="Mavenp.Maven2.NewTest1"/>
  <system-out/>
</testsuite> <!-- Mavenp.Maven2.NewTest1 -->
