<?xml version="1.0" encoding="UTF-8"?>
<!-- Generated by org.testng.reporters.JUnitReportReporter -->
<testsuite skipped="0" hostname="DESKTOP-A8VKPP7" name="SuiteB.TestB1" tests="1" failures="0" timestamp="2020-10-05T01:06:07 CDT" time="3.023" errors="0">
  <testcase name="f" time="3.023" classname="SuiteB.TestB1"/>
  <system-out/>
</testsuite> <!-- SuiteB.TestB1 -->
